[  5%] Built target testclient
[  5%] Built target geometry_msgs_generate_messages_cpp
[  5%] Built target _vicon_bridge_generate_messages_check_deps_viconCalibrateSegment
[  5%] Built target _vicon_bridge_generate_messages_check_deps_Marker
[  5%] Built target _vicon_bridge_generate_messages_check_deps_viconGrabPose
[  5%] Built target _vicon_bridge_generate_messages_check_deps_Markers
[  5%] Built target _vicon_bridge_generate_messages_check_deps_TfDistortInfo
[ 17%] Built target vicon_bridge_generate_messages_cpp
[ 17%] Built target vicon_bridge_gencpp
[ 20%] Built target vicon_bridge_gencfg
[ 25%] Built target tf_distort
[ 30%] Built target msvc_bridge
[ 35%] Built target vicon_bridge
[ 35%] Built target geometry_msgs_generate_messages_py
[ 53%] Built target vicon_bridge_generate_messages_py
[ 53%] Built target geometry_msgs_generate_messages_eus
[ 69%] Built target vicon_bridge_generate_messages_eus
[ 69%] Built target geometry_msgs_generate_messages_lisp
[ 82%] Built target vicon_bridge_generate_messages_lisp
[ 82%] Built target geometry_msgs_generate_messages_nodejs
[ 94%] Built target vicon_bridge_generate_messages_nodejs
[ 94%] Built target vicon_bridge_generate_messages
[100%] Built target calibrate
[36mInstall the project...[0m
-- Install configuration: ""
-- Up-to-date: /home/k/Desktop/git_repository/babymind19/catkin_ws/install/_setup_util.py
-- Up-to-date: /home/k/Desktop/git_repository/babymind19/catkin_ws/install/env.sh
-- Up-to-date: /home/k/Desktop/git_repository/babymind19/catkin_ws/install/setup.bash
-- Up-to-date: /home/k/Desktop/git_repository/babymind19/catkin_ws/install/local_setup.bash
-- Up-to-date: /home/k/Desktop/git_repository/babymind19/catkin_ws/install/setup.sh
-- Up-to-date: /home/k/Desktop/git_repository/babymind19/catkin_ws/install/local_setup.sh
-- Up-to-date: /home/k/Desktop/git_repository/babymind19/catkin_ws/install/setup.zsh
-- Up-to-date: /home/k/Desktop/git_repository/babymind19/catkin_ws/install/local_setup.zsh
-- Up-to-date: /home/k/Desktop/git_repository/babymind19/catkin_ws/install/.rosinstall
-- Installing: /home/k/Desktop/git_repository/babymind19/catkin_ws/install/share/vicon_bridge/msg/Marker.msg
-- Installing: /home/k/Desktop/git_repository/babymind19/catkin_ws/install/share/vicon_bridge/msg/Markers.msg
-- Installing: /home/k/Desktop/git_repository/babymind19/catkin_ws/install/share/vicon_bridge/msg/TfDistortInfo.msg
-- Installing: /home/k/Desktop/git_repository/babymind19/catkin_ws/install/share/vicon_bridge/srv/viconCalibrateSegment.srv
-- Installing: /home/k/Desktop/git_repository/babymind19/catkin_ws/install/share/vicon_bridge/srv/viconGrabPose.srv
-- Installing: /home/k/Desktop/git_repository/babymind19/catkin_ws/install/share/vicon_bridge/cmake/vicon_bridge-msg-paths.cmake
-- Installing: /home/k/Desktop/git_repository/babymind19/catkin_ws/install/include/vicon_bridge
-- Installing: /home/k/Desktop/git_repository/babymind19/catkin_ws/install/include/vicon_bridge/viconGrabPoseResponse.h
-- Installing: /home/k/Desktop/git_repository/babymind19/catkin_ws/install/include/vicon_bridge/viconGrabPoseRequest.h
-- Installing: /home/k/Desktop/git_repository/babymind19/catkin_ws/install/include/vicon_bridge/TfDistortInfo.h
-- Installing: /home/k/Desktop/git_repository/babymind19/catkin_ws/install/include/vicon_bridge/viconGrabPose.h
-- Installing: /home/k/Desktop/git_repository/babymind19/catkin_ws/install/include/vicon_bridge/viconCalibrateSegmentRequest.h
-- Installing: /home/k/Desktop/git_repository/babymind19/catkin_ws/install/include/vicon_bridge/tf_distortConfig.h
-- Installing: /home/k/Desktop/git_repository/babymind19/catkin_ws/install/include/vicon_bridge/Markers.h
-- Installing: /home/k/Desktop/git_repository/babymind19/catkin_ws/install/include/vicon_bridge/viconCalibrateSegmentResponse.h
-- Installing: /home/k/Desktop/git_repository/babymind19/catkin_ws/install/include/vicon_bridge/viconCalibrateSegment.h
-- Installing: /home/k/Desktop/git_repository/babymind19/catkin_ws/install/include/vicon_bridge/Marker.h
-- Installing: /home/k/Desktop/git_repository/babymind19/catkin_ws/install/share/roseus/ros/vicon_bridge
-- Installing: /home/k/Desktop/git_repository/babymind19/catkin_ws/install/share/roseus/ros/vicon_bridge/srv
-- Installing: /home/k/Desktop/git_repository/babymind19/catkin_ws/install/share/roseus/ros/vicon_bridge/srv/viconCalibrateSegment.l
-- Installing: /home/k/Desktop/git_repository/babymind19/catkin_ws/install/share/roseus/ros/vicon_bridge/srv/viconGrabPose.l
-- Installing: /home/k/Desktop/git_repository/babymind19/catkin_ws/install/share/roseus/ros/vicon_bridge/msg
-- Installing: /home/k/Desktop/git_repository/babymind19/catkin_ws/install/share/roseus/ros/vicon_bridge/msg/Marker.l
-- Installing: /home/k/Desktop/git_repository/babymind19/catkin_ws/install/share/roseus/ros/vicon_bridge/msg/Markers.l
-- Installing: /home/k/Desktop/git_repository/babymind19/catkin_ws/install/share/roseus/ros/vicon_bridge/msg/TfDistortInfo.l
-- Installing: /home/k/Desktop/git_repository/babymind19/catkin_ws/install/share/roseus/ros/vicon_bridge/manifest.l
-- Installing: /home/k/Desktop/git_repository/babymind19/catkin_ws/install/share/common-lisp/ros/vicon_bridge
-- Installing: /home/k/Desktop/git_repository/babymind19/catkin_ws/install/share/common-lisp/ros/vicon_bridge/srv
-- Installing: /home/k/Desktop/git_repository/babymind19/catkin_ws/install/share/common-lisp/ros/vicon_bridge/srv/viconCalibrateSegment.lisp
-- Installing: /home/k/Desktop/git_repository/babymind19/catkin_ws/install/share/common-lisp/ros/vicon_bridge/srv/viconGrabPose.lisp
-- Installing: /home/k/Desktop/git_repository/babymind19/catkin_ws/install/share/common-lisp/ros/vicon_bridge/srv/_package_viconGrabPose.lisp
-- Installing: /home/k/Desktop/git_repository/babymind19/catkin_ws/install/share/common-lisp/ros/vicon_bridge/srv/_package_viconCalibrateSegment.lisp
-- Installing: /home/k/Desktop/git_repository/babymind19/catkin_ws/install/share/common-lisp/ros/vicon_bridge/srv/_package.lisp
-- Installing: /home/k/Desktop/git_repository/babymind19/catkin_ws/install/share/common-lisp/ros/vicon_bridge/srv/vicon_bridge-srv.asd
-- Installing: /home/k/Desktop/git_repository/babymind19/catkin_ws/install/share/common-lisp/ros/vicon_bridge/msg
-- Installing: /home/k/Desktop/git_repository/babymind19/catkin_ws/install/share/common-lisp/ros/vicon_bridge/msg/Markers.lisp
-- Installing: /home/k/Desktop/git_repository/babymind19/catkin_ws/install/share/common-lisp/ros/vicon_bridge/msg/_package_TfDistortInfo.lisp
-- Installing: /home/k/Desktop/git_repository/babymind19/catkin_ws/install/share/common-lisp/ros/vicon_bridge/msg/Marker.lisp
-- Installing: /home/k/Desktop/git_repository/babymind19/catkin_ws/install/share/common-lisp/ros/vicon_bridge/msg/_package_Marker.lisp
-- Installing: /home/k/Desktop/git_repository/babymind19/catkin_ws/install/share/common-lisp/ros/vicon_bridge/msg/TfDistortInfo.lisp
-- Installing: /home/k/Desktop/git_repository/babymind19/catkin_ws/install/share/common-lisp/ros/vicon_bridge/msg/_package.lisp
-- Installing: /home/k/Desktop/git_repository/babymind19/catkin_ws/install/share/common-lisp/ros/vicon_bridge/msg/vicon_bridge-msg.asd
-- Installing: /home/k/Desktop/git_repository/babymind19/catkin_ws/install/share/common-lisp/ros/vicon_bridge/msg/_package_Markers.lisp
-- Installing: /home/k/Desktop/git_repository/babymind19/catkin_ws/install/share/gennodejs/ros/vicon_bridge
-- Installing: /home/k/Desktop/git_repository/babymind19/catkin_ws/install/share/gennodejs/ros/vicon_bridge/srv
-- Installing: /home/k/Desktop/git_repository/babymind19/catkin_ws/install/share/gennodejs/ros/vicon_bridge/srv/_index.js
-- Installing: /home/k/Desktop/git_repository/babymind19/catkin_ws/install/share/gennodejs/ros/vicon_bridge/srv/viconCalibrateSegment.js
-- Installing: /home/k/Desktop/git_repository/babymind19/catkin_ws/install/share/gennodejs/ros/vicon_bridge/srv/viconGrabPose.js
-- Installing: /home/k/Desktop/git_repository/babymind19/catkin_ws/install/share/gennodejs/ros/vicon_bridge/_index.js
-- Installing: /home/k/Desktop/git_repository/babymind19/catkin_ws/install/share/gennodejs/ros/vicon_bridge/msg
-- Installing: /home/k/Desktop/git_repository/babymind19/catkin_ws/install/share/gennodejs/ros/vicon_bridge/msg/_index.js
-- Installing: /home/k/Desktop/git_repository/babymind19/catkin_ws/install/share/gennodejs/ros/vicon_bridge/msg/Markers.js
-- Installing: /home/k/Desktop/git_repository/babymind19/catkin_ws/install/share/gennodejs/ros/vicon_bridge/msg/TfDistortInfo.js
-- Installing: /home/k/Desktop/git_repository/babymind19/catkin_ws/install/share/gennodejs/ros/vicon_bridge/msg/Marker.js
Listing '/home/k/Desktop/git_repository/babymind19/catkin_ws/devel/.private/vicon_bridge/lib/python3/dist-packages/vicon_bridge'...
Compiling '/home/k/Desktop/git_repository/babymind19/catkin_ws/devel/.private/vicon_bridge/lib/python3/dist-packages/vicon_bridge/__init__.py'...
Listing '/home/k/Desktop/git_repository/babymind19/catkin_ws/devel/.private/vicon_bridge/lib/python3/dist-packages/vicon_bridge/cfg'...
Compiling '/home/k/Desktop/git_repository/babymind19/catkin_ws/devel/.private/vicon_bridge/lib/python3/dist-packages/vicon_bridge/cfg/__init__.py'...
Compiling '/home/k/Desktop/git_repository/babymind19/catkin_ws/devel/.private/vicon_bridge/lib/python3/dist-packages/vicon_bridge/cfg/tf_distortConfig.py'...
Listing '/home/k/Desktop/git_repository/babymind19/catkin_ws/devel/.private/vicon_bridge/lib/python3/dist-packages/vicon_bridge/msg'...
Compiling '/home/k/Desktop/git_repository/babymind19/catkin_ws/devel/.private/vicon_bridge/lib/python3/dist-packages/vicon_bridge/msg/_Marker.py'...
Compiling '/home/k/Desktop/git_repository/babymind19/catkin_ws/devel/.private/vicon_bridge/lib/python3/dist-packages/vicon_bridge/msg/_Markers.py'...
Compiling '/home/k/Desktop/git_repository/babymind19/catkin_ws/devel/.private/vicon_bridge/lib/python3/dist-packages/vicon_bridge/msg/_TfDistortInfo.py'...
Compiling '/home/k/Desktop/git_repository/babymind19/catkin_ws/devel/.private/vicon_bridge/lib/python3/dist-packages/vicon_bridge/msg/__init__.py'...
Listing '/home/k/Desktop/git_repository/babymind19/catkin_ws/devel/.private/vicon_bridge/lib/python3/dist-packages/vicon_bridge/srv'...
Compiling '/home/k/Desktop/git_repository/babymind19/catkin_ws/devel/.private/vicon_bridge/lib/python3/dist-packages/vicon_bridge/srv/__init__.py'...
Compiling '/home/k/Desktop/git_repository/babymind19/catkin_ws/devel/.private/vicon_bridge/lib/python3/dist-packages/vicon_bridge/srv/_viconCalibrateSegment.py'...
Compiling '/home/k/Desktop/git_repository/babymind19/catkin_ws/devel/.private/vicon_bridge/lib/python3/dist-packages/vicon_bridge/srv/_viconGrabPose.py'...
-- Installing: /home/k/Desktop/git_repository/babymind19/catkin_ws/install/lib/python3/dist-packages/vicon_bridge
-- Installing: /home/k/Desktop/git_repository/babymind19/catkin_ws/install/lib/python3/dist-packages/vicon_bridge/srv
-- Installing: /home/k/Desktop/git_repository/babymind19/catkin_ws/install/lib/python3/dist-packages/vicon_bridge/srv/_viconCalibrateSegment.py
-- Installing: /home/k/Desktop/git_repository/babymind19/catkin_ws/install/lib/python3/dist-packages/vicon_bridge/srv/_viconGrabPose.py
-- Installing: /home/k/Desktop/git_repository/babymind19/catkin_ws/install/lib/python3/dist-packages/vicon_bridge/srv/__init__.py
-- Installing: /home/k/Desktop/git_repository/babymind19/catkin_ws/install/lib/python3/dist-packages/vicon_bridge/srv/__pycache__
-- Installing: /home/k/Desktop/git_repository/babymind19/catkin_ws/install/lib/python3/dist-packages/vicon_bridge/srv/__pycache__/__init__.cpython-36.pyc
-- Installing: /home/k/Desktop/git_repository/babymind19/catkin_ws/install/lib/python3/dist-packages/vicon_bridge/srv/__pycache__/_viconGrabPose.cpython-36.pyc
-- Installing: /home/k/Desktop/git_repository/babymind19/catkin_ws/install/lib/python3/dist-packages/vicon_bridge/srv/__pycache__/_viconCalibrateSegment.cpython-36.pyc
-- Installing: /home/k/Desktop/git_repository/babymind19/catkin_ws/install/lib/python3/dist-packages/vicon_bridge/msg
-- Installing: /home/k/Desktop/git_repository/babymind19/catkin_ws/install/lib/python3/dist-packages/vicon_bridge/msg/_TfDistortInfo.py
-- Installing: /home/k/Desktop/git_repository/babymind19/catkin_ws/install/lib/python3/dist-packages/vicon_bridge/msg/_Marker.py
-- Installing: /home/k/Desktop/git_repository/babymind19/catkin_ws/install/lib/python3/dist-packages/vicon_bridge/msg/__init__.py
-- Installing: /home/k/Desktop/git_repository/babymind19/catkin_ws/install/lib/python3/dist-packages/vicon_bridge/msg/__pycache__
-- Installing: /home/k/Desktop/git_repository/babymind19/catkin_ws/install/lib/python3/dist-packages/vicon_bridge/msg/__pycache__/__init__.cpython-36.pyc
-- Installing: /home/k/Desktop/git_repository/babymind19/catkin_ws/install/lib/python3/dist-packages/vicon_bridge/msg/__pycache__/_Markers.cpython-36.pyc
-- Installing: /home/k/Desktop/git_repository/babymind19/catkin_ws/install/lib/python3/dist-packages/vicon_bridge/msg/__pycache__/_TfDistortInfo.cpython-36.pyc
-- Installing: /home/k/Desktop/git_repository/babymind19/catkin_ws/install/lib/python3/dist-packages/vicon_bridge/msg/__pycache__/_Marker.cpython-36.pyc
-- Installing: /home/k/Desktop/git_repository/babymind19/catkin_ws/install/lib/python3/dist-packages/vicon_bridge/msg/_Markers.py
-- Installing: /home/k/Desktop/git_repository/babymind19/catkin_ws/install/lib/python3/dist-packages/vicon_bridge/cfg
-- Installing: /home/k/Desktop/git_repository/babymind19/catkin_ws/install/lib/python3/dist-packages/vicon_bridge/cfg/tf_distortConfig.py
-- Installing: /home/k/Desktop/git_repository/babymind19/catkin_ws/install/lib/python3/dist-packages/vicon_bridge/cfg/__init__.py
-- Installing: /home/k/Desktop/git_repository/babymind19/catkin_ws/install/lib/python3/dist-packages/vicon_bridge/cfg/__pycache__
-- Installing: /home/k/Desktop/git_repository/babymind19/catkin_ws/install/lib/python3/dist-packages/vicon_bridge/cfg/__pycache__/__init__.cpython-36.pyc
-- Installing: /home/k/Desktop/git_repository/babymind19/catkin_ws/install/lib/python3/dist-packages/vicon_bridge/cfg/__pycache__/tf_distortConfig.cpython-36.pyc
-- Installing: /home/k/Desktop/git_repository/babymind19/catkin_ws/install/lib/python3/dist-packages/vicon_bridge/__init__.py
-- Installing: /home/k/Desktop/git_repository/babymind19/catkin_ws/install/lib/python3/dist-packages/vicon_bridge/__pycache__
-- Installing: /home/k/Desktop/git_repository/babymind19/catkin_ws/install/lib/python3/dist-packages/vicon_bridge/__pycache__/__init__.cpython-36.pyc
-- Up-to-date: /home/k/Desktop/git_repository/babymind19/catkin_ws/install/include/vicon_bridge/tf_distortConfig.h
-- Up-to-date: /home/k/Desktop/git_repository/babymind19/catkin_ws/install/lib/python3/dist-packages/vicon_bridge/__init__.py
Listing '/home/k/Desktop/git_repository/babymind19/catkin_ws/devel/.private/vicon_bridge/lib/python3/dist-packages/vicon_bridge/cfg'...
-- Up-to-date: /home/k/Desktop/git_repository/babymind19/catkin_ws/install/lib/python3/dist-packages/vicon_bridge/cfg
-- Up-to-date: /home/k/Desktop/git_repository/babymind19/catkin_ws/install/lib/python3/dist-packages/vicon_bridge/cfg/tf_distortConfig.py
-- Up-to-date: /home/k/Desktop/git_repository/babymind19/catkin_ws/install/lib/python3/dist-packages/vicon_bridge/cfg/__init__.py
-- Up-to-date: /home/k/Desktop/git_repository/babymind19/catkin_ws/install/lib/python3/dist-packages/vicon_bridge/cfg/__pycache__
-- Up-to-date: /home/k/Desktop/git_repository/babymind19/catkin_ws/install/lib/python3/dist-packages/vicon_bridge/cfg/__pycache__/__init__.cpython-36.pyc
-- Up-to-date: /home/k/Desktop/git_repository/babymind19/catkin_ws/install/lib/python3/dist-packages/vicon_bridge/cfg/__pycache__/tf_distortConfig.cpython-36.pyc
-- Installing: /home/k/Desktop/git_repository/babymind19/catkin_ws/install/lib/pkgconfig/vicon_bridge.pc
-- Installing: /home/k/Desktop/git_repository/babymind19/catkin_ws/install/share/vicon_bridge/cmake/vicon_bridge-msg-extras.cmake
-- Installing: /home/k/Desktop/git_repository/babymind19/catkin_ws/install/share/vicon_bridge/cmake/vicon_bridgeConfig.cmake
-- Installing: /home/k/Desktop/git_repository/babymind19/catkin_ws/install/share/vicon_bridge/cmake/vicon_bridgeConfig-version.cmake
-- Installing: /home/k/Desktop/git_repository/babymind19/catkin_ws/install/share/vicon_bridge/package.xml
