Symlinking /home/k/Desktop/git_repository/babymind19/catkin_ws/devel/lib/libZEDWrapper.so
Symlinking /home/k/Desktop/git_repository/babymind19/catkin_ws/devel/lib/zed_wrapper/zed_wrapper_node
Symlinking /home/k/Desktop/git_repository/babymind19/catkin_ws/devel/lib/python3/dist-packages/zed_wrapper/__init__.py
Symlinking /home/k/Desktop/git_repository/babymind19/catkin_ws/devel/lib/python3/dist-packages/zed_wrapper/srv/_set_pose.py
Symlinking /home/k/Desktop/git_repository/babymind19/catkin_ws/devel/lib/python3/dist-packages/zed_wrapper/srv/_reset_tracking.py
Symlinking /home/k/Desktop/git_repository/babymind19/catkin_ws/devel/lib/python3/dist-packages/zed_wrapper/srv/_start_remote_stream.py
Symlinking /home/k/Desktop/git_repository/babymind19/catkin_ws/devel/lib/python3/dist-packages/zed_wrapper/srv/_stop_svo_recording.py
Symlinking /home/k/Desktop/git_repository/babymind19/catkin_ws/devel/lib/python3/dist-packages/zed_wrapper/srv/_toggle_led.py
Symlinking /home/k/Desktop/git_repository/babymind19/catkin_ws/devel/lib/python3/dist-packages/zed_wrapper/srv/_reset_odometry.py
Symlinking /home/k/Desktop/git_repository/babymind19/catkin_ws/devel/lib/python3/dist-packages/zed_wrapper/srv/__init__.py
Symlinking /home/k/Desktop/git_repository/babymind19/catkin_ws/devel/lib/python3/dist-packages/zed_wrapper/srv/_set_led_status.py
Symlinking /home/k/Desktop/git_repository/babymind19/catkin_ws/devel/lib/python3/dist-packages/zed_wrapper/srv/_stop_remote_stream.py
Symlinking /home/k/Desktop/git_repository/babymind19/catkin_ws/devel/lib/python3/dist-packages/zed_wrapper/srv/_start_svo_recording.py
Symlinking /home/k/Desktop/git_repository/babymind19/catkin_ws/devel/lib/python3/dist-packages/zed_wrapper/cfg/ZedConfig.py
Symlinking /home/k/Desktop/git_repository/babymind19/catkin_ws/devel/lib/python3/dist-packages/zed_wrapper/cfg/__init__.py
Symlinking /home/k/Desktop/git_repository/babymind19/catkin_ws/devel/lib/pkgconfig/zed_wrapper.pc
Symlinking /home/k/Desktop/git_repository/babymind19/catkin_ws/devel/share/zed_wrapper/cmake/zed_wrapper-msg-extras.cmake
Symlinking /home/k/Desktop/git_repository/babymind19/catkin_ws/devel/share/zed_wrapper/cmake/zed_wrapper-msg-paths.cmake
Symlinking /home/k/Desktop/git_repository/babymind19/catkin_ws/devel/share/zed_wrapper/cmake/zed_wrapperConfig.cmake
Symlinking /home/k/Desktop/git_repository/babymind19/catkin_ws/devel/share/zed_wrapper/cmake/zed_wrapperConfig-version.cmake
Symlinking /home/k/Desktop/git_repository/babymind19/catkin_ws/devel/share/zed_wrapper/docs/ZedConfig.dox
Symlinking /home/k/Desktop/git_repository/babymind19/catkin_ws/devel/share/zed_wrapper/docs/ZedConfig-usage.dox
Symlinking /home/k/Desktop/git_repository/babymind19/catkin_ws/devel/share/zed_wrapper/docs/ZedConfig.wikidoc
Symlinking /home/k/Desktop/git_repository/babymind19/catkin_ws/devel/share/gennodejs/ros/zed_wrapper/_index.js
Symlinking /home/k/Desktop/git_repository/babymind19/catkin_ws/devel/share/gennodejs/ros/zed_wrapper/srv/_index.js
Symlinking /home/k/Desktop/git_repository/babymind19/catkin_ws/devel/share/gennodejs/ros/zed_wrapper/srv/stop_svo_recording.js
Symlinking /home/k/Desktop/git_repository/babymind19/catkin_ws/devel/share/gennodejs/ros/zed_wrapper/srv/start_remote_stream.js
Symlinking /home/k/Desktop/git_repository/babymind19/catkin_ws/devel/share/gennodejs/ros/zed_wrapper/srv/set_pose.js
Symlinking /home/k/Desktop/git_repository/babymind19/catkin_ws/devel/share/gennodejs/ros/zed_wrapper/srv/set_led_status.js
Symlinking /home/k/Desktop/git_repository/babymind19/catkin_ws/devel/share/gennodejs/ros/zed_wrapper/srv/toggle_led.js
Symlinking /home/k/Desktop/git_repository/babymind19/catkin_ws/devel/share/gennodejs/ros/zed_wrapper/srv/start_svo_recording.js
Symlinking /home/k/Desktop/git_repository/babymind19/catkin_ws/devel/share/gennodejs/ros/zed_wrapper/srv/reset_odometry.js
Symlinking /home/k/Desktop/git_repository/babymind19/catkin_ws/devel/share/gennodejs/ros/zed_wrapper/srv/stop_remote_stream.js
Symlinking /home/k/Desktop/git_repository/babymind19/catkin_ws/devel/share/gennodejs/ros/zed_wrapper/srv/reset_tracking.js
Symlinking /home/k/Desktop/git_repository/babymind19/catkin_ws/devel/share/roseus/ros/zed_wrapper/manifest.l
Symlinking /home/k/Desktop/git_repository/babymind19/catkin_ws/devel/share/roseus/ros/zed_wrapper/srv/stop_remote_stream.l
Symlinking /home/k/Desktop/git_repository/babymind19/catkin_ws/devel/share/roseus/ros/zed_wrapper/srv/start_svo_recording.l
Symlinking /home/k/Desktop/git_repository/babymind19/catkin_ws/devel/share/roseus/ros/zed_wrapper/srv/reset_tracking.l
Symlinking /home/k/Desktop/git_repository/babymind19/catkin_ws/devel/share/roseus/ros/zed_wrapper/srv/reset_odometry.l
Symlinking /home/k/Desktop/git_repository/babymind19/catkin_ws/devel/share/roseus/ros/zed_wrapper/srv/stop_svo_recording.l
Symlinking /home/k/Desktop/git_repository/babymind19/catkin_ws/devel/share/roseus/ros/zed_wrapper/srv/set_led_status.l
Symlinking /home/k/Desktop/git_repository/babymind19/catkin_ws/devel/share/roseus/ros/zed_wrapper/srv/toggle_led.l
Symlinking /home/k/Desktop/git_repository/babymind19/catkin_ws/devel/share/roseus/ros/zed_wrapper/srv/start_remote_stream.l
Symlinking /home/k/Desktop/git_repository/babymind19/catkin_ws/devel/share/roseus/ros/zed_wrapper/srv/set_pose.l
Symlinking /home/k/Desktop/git_repository/babymind19/catkin_ws/devel/share/common-lisp/ros/zed_wrapper/srv/_package_set_led_status.lisp
Symlinking /home/k/Desktop/git_repository/babymind19/catkin_ws/devel/share/common-lisp/ros/zed_wrapper/srv/zed_wrapper-srv.asd
Symlinking /home/k/Desktop/git_repository/babymind19/catkin_ws/devel/share/common-lisp/ros/zed_wrapper/srv/reset_tracking.lisp
Symlinking /home/k/Desktop/git_repository/babymind19/catkin_ws/devel/share/common-lisp/ros/zed_wrapper/srv/_package_reset_tracking.lisp
Symlinking /home/k/Desktop/git_repository/babymind19/catkin_ws/devel/share/common-lisp/ros/zed_wrapper/srv/stop_svo_recording.lisp
Symlinking /home/k/Desktop/git_repository/babymind19/catkin_ws/devel/share/common-lisp/ros/zed_wrapper/srv/stop_remote_stream.lisp
Symlinking /home/k/Desktop/git_repository/babymind19/catkin_ws/devel/share/common-lisp/ros/zed_wrapper/srv/_package_stop_remote_stream.lisp
Symlinking /home/k/Desktop/git_repository/babymind19/catkin_ws/devel/share/common-lisp/ros/zed_wrapper/srv/set_led_status.lisp
Symlinking /home/k/Desktop/git_repository/babymind19/catkin_ws/devel/share/common-lisp/ros/zed_wrapper/srv/_package_toggle_led.lisp
Symlinking /home/k/Desktop/git_repository/babymind19/catkin_ws/devel/share/common-lisp/ros/zed_wrapper/srv/start_svo_recording.lisp
Symlinking /home/k/Desktop/git_repository/babymind19/catkin_ws/devel/share/common-lisp/ros/zed_wrapper/srv/_package_reset_odometry.lisp
Symlinking /home/k/Desktop/git_repository/babymind19/catkin_ws/devel/share/common-lisp/ros/zed_wrapper/srv/reset_odometry.lisp
Symlinking /home/k/Desktop/git_repository/babymind19/catkin_ws/devel/share/common-lisp/ros/zed_wrapper/srv/_package.lisp
Symlinking /home/k/Desktop/git_repository/babymind19/catkin_ws/devel/share/common-lisp/ros/zed_wrapper/srv/_package_set_pose.lisp
Symlinking /home/k/Desktop/git_repository/babymind19/catkin_ws/devel/share/common-lisp/ros/zed_wrapper/srv/_package_start_svo_recording.lisp
Symlinking /home/k/Desktop/git_repository/babymind19/catkin_ws/devel/share/common-lisp/ros/zed_wrapper/srv/_package_start_remote_stream.lisp
Symlinking /home/k/Desktop/git_repository/babymind19/catkin_ws/devel/share/common-lisp/ros/zed_wrapper/srv/set_pose.lisp
Symlinking /home/k/Desktop/git_repository/babymind19/catkin_ws/devel/share/common-lisp/ros/zed_wrapper/srv/start_remote_stream.lisp
Symlinking /home/k/Desktop/git_repository/babymind19/catkin_ws/devel/share/common-lisp/ros/zed_wrapper/srv/_package_stop_svo_recording.lisp
Symlinking /home/k/Desktop/git_repository/babymind19/catkin_ws/devel/share/common-lisp/ros/zed_wrapper/srv/toggle_led.lisp
Symlinking /home/k/Desktop/git_repository/babymind19/catkin_ws/devel/include/zed_wrapper/set_pose.h
Symlinking /home/k/Desktop/git_repository/babymind19/catkin_ws/devel/include/zed_wrapper/reset_odometry.h
Symlinking /home/k/Desktop/git_repository/babymind19/catkin_ws/devel/include/zed_wrapper/toggle_led.h
Symlinking /home/k/Desktop/git_repository/babymind19/catkin_ws/devel/include/zed_wrapper/reset_odometryResponse.h
Symlinking /home/k/Desktop/git_repository/babymind19/catkin_ws/devel/include/zed_wrapper/start_svo_recording.h
Symlinking /home/k/Desktop/git_repository/babymind19/catkin_ws/devel/include/zed_wrapper/start_svo_recordingRequest.h
Symlinking /home/k/Desktop/git_repository/babymind19/catkin_ws/devel/include/zed_wrapper/toggle_ledRequest.h
Symlinking /home/k/Desktop/git_repository/babymind19/catkin_ws/devel/include/zed_wrapper/stop_remote_streamRequest.h
Symlinking /home/k/Desktop/git_repository/babymind19/catkin_ws/devel/include/zed_wrapper/start_remote_streamRequest.h
Symlinking /home/k/Desktop/git_repository/babymind19/catkin_ws/devel/include/zed_wrapper/set_led_statusRequest.h
Symlinking /home/k/Desktop/git_repository/babymind19/catkin_ws/devel/include/zed_wrapper/ZedConfig.h
Symlinking /home/k/Desktop/git_repository/babymind19/catkin_ws/devel/include/zed_wrapper/set_poseRequest.h
Symlinking /home/k/Desktop/git_repository/babymind19/catkin_ws/devel/include/zed_wrapper/set_led_statusResponse.h
Symlinking /home/k/Desktop/git_repository/babymind19/catkin_ws/devel/include/zed_wrapper/set_led_status.h
Symlinking /home/k/Desktop/git_repository/babymind19/catkin_ws/devel/include/zed_wrapper/reset_trackingResponse.h
Symlinking /home/k/Desktop/git_repository/babymind19/catkin_ws/devel/include/zed_wrapper/reset_odometryRequest.h
Symlinking /home/k/Desktop/git_repository/babymind19/catkin_ws/devel/include/zed_wrapper/stop_svo_recording.h
Symlinking /home/k/Desktop/git_repository/babymind19/catkin_ws/devel/include/zed_wrapper/start_remote_streamResponse.h
Symlinking /home/k/Desktop/git_repository/babymind19/catkin_ws/devel/include/zed_wrapper/toggle_ledResponse.h
Symlinking /home/k/Desktop/git_repository/babymind19/catkin_ws/devel/include/zed_wrapper/start_remote_stream.h
Symlinking /home/k/Desktop/git_repository/babymind19/catkin_ws/devel/include/zed_wrapper/stop_svo_recordingResponse.h
Symlinking /home/k/Desktop/git_repository/babymind19/catkin_ws/devel/include/zed_wrapper/reset_tracking.h
Symlinking /home/k/Desktop/git_repository/babymind19/catkin_ws/devel/include/zed_wrapper/stop_remote_stream.h
Symlinking /home/k/Desktop/git_repository/babymind19/catkin_ws/devel/include/zed_wrapper/set_poseResponse.h
Symlinking /home/k/Desktop/git_repository/babymind19/catkin_ws/devel/include/zed_wrapper/stop_remote_streamResponse.h
Symlinking /home/k/Desktop/git_repository/babymind19/catkin_ws/devel/include/zed_wrapper/start_svo_recordingResponse.h
Symlinking /home/k/Desktop/git_repository/babymind19/catkin_ws/devel/include/zed_wrapper/reset_trackingRequest.h
Symlinking /home/k/Desktop/git_repository/babymind19/catkin_ws/devel/include/zed_wrapper/stop_svo_recordingRequest.h
