[35m[1mScanning dependencies of target _zed_wrapper_generate_messages_check_deps_start_remote_stream[0m
[  0%] Built target _zed_wrapper_generate_messages_check_deps_start_remote_stream
[35m[1mScanning dependencies of target _zed_wrapper_generate_messages_check_deps_set_led_status[0m
[  0%] Built target _zed_wrapper_generate_messages_check_deps_set_led_status
[35m[1mScanning dependencies of target _zed_wrapper_generate_messages_check_deps_stop_remote_stream[0m
[  0%] Built target _zed_wrapper_generate_messages_check_deps_stop_remote_stream
[35m[1mScanning dependencies of target _zed_wrapper_generate_messages_check_deps_reset_odometry[0m
[  0%] Built target _zed_wrapper_generate_messages_check_deps_reset_odometry
[35m[1mScanning dependencies of target _zed_wrapper_generate_messages_check_deps_toggle_led[0m
[  0%] Built target _zed_wrapper_generate_messages_check_deps_toggle_led
[35m[1mScanning dependencies of target _zed_wrapper_generate_messages_check_deps_set_pose[0m
[  0%] Built target _zed_wrapper_generate_messages_check_deps_set_pose
[35m[1mScanning dependencies of target _zed_wrapper_generate_messages_check_deps_reset_tracking[0m
[  0%] Built target _zed_wrapper_generate_messages_check_deps_reset_tracking
[35m[1mScanning dependencies of target _zed_wrapper_generate_messages_check_deps_start_svo_recording[0m
[  0%] Built target _zed_wrapper_generate_messages_check_deps_start_svo_recording
[35m[1mScanning dependencies of target _zed_wrapper_generate_messages_check_deps_stop_svo_recording[0m
[  0%] Built target _zed_wrapper_generate_messages_check_deps_stop_svo_recording
[35m[1mScanning dependencies of target zed_wrapper_gencfg[0m
[  1%] [34m[1mGenerating dynamic reconfigure files from cfg/Zed.cfg: /home/k/Desktop/git_repository/babymind19/catkin_ws/devel/.private/zed_wrapper/include/zed_wrapper/ZedConfig.h /home/k/Desktop/git_repository/babymind19/catkin_ws/devel/.private/zed_wrapper/lib/python3/dist-packages/zed_wrapper/cfg/ZedConfig.py[0m
Generating reconfiguration files for Zed in zed_wrapper
Wrote header file in /home/k/Desktop/git_repository/babymind19/catkin_ws/devel/.private/zed_wrapper/include/zed_wrapper/ZedConfig.h
[  1%] Built target zed_wrapper_gencfg
[35m[1mScanning dependencies of target zed_wrapper_generate_messages_py[0m
[  3%] [34m[1mGenerating Python code from SRV zed_wrapper/set_pose[0m
[  5%] [34m[1mGenerating Python code from SRV zed_wrapper/reset_odometry[0m
[  7%] [34m[1mGenerating Python code from SRV zed_wrapper/reset_tracking[0m
[  9%] [34m[1mGenerating Python code from SRV zed_wrapper/start_svo_recording[0m
[ 11%] [34m[1mGenerating Python code from SRV zed_wrapper/stop_svo_recording[0m
[ 13%] [34m[1mGenerating Python code from SRV zed_wrapper/start_remote_stream[0m
[ 15%] [34m[1mGenerating Python code from SRV zed_wrapper/stop_remote_stream[0m
[ 16%] [34m[1mGenerating Python code from SRV zed_wrapper/set_led_status[0m
[ 18%] [34m[1mGenerating Python code from SRV zed_wrapper/toggle_led[0m
[ 20%] [34m[1mGenerating Python srv __init__.py for zed_wrapper[0m
[ 20%] Built target zed_wrapper_generate_messages_py
[35m[1mScanning dependencies of target zed_wrapper_generate_messages_nodejs[0m
[ 22%] [34m[1mGenerating Javascript code from zed_wrapper/set_pose.srv[0m
[ 24%] [34m[1mGenerating Javascript code from zed_wrapper/reset_odometry.srv[0m
[ 26%] [34m[1mGenerating Javascript code from zed_wrapper/reset_tracking.srv[0m
[35m[1mScanning dependencies of target zed_wrapper_generate_messages_lisp[0m
[ 28%] [34m[1mGenerating Lisp code from zed_wrapper/set_pose.srv[0m
[ 30%] [34m[1mGenerating Javascript code from zed_wrapper/start_svo_recording.srv[0m
[ 32%] [34m[1mGenerating Lisp code from zed_wrapper/reset_odometry.srv[0m
[ 33%] [34m[1mGenerating Javascript code from zed_wrapper/stop_svo_recording.srv[0m
[ 35%] [34m[1mGenerating Lisp code from zed_wrapper/reset_tracking.srv[0m
[35m[1mScanning dependencies of target zed_wrapper_generate_messages_eus[0m
[ 37%] [34m[1mGenerating EusLisp code from zed_wrapper/set_pose.srv[0m
[ 39%] [34m[1mGenerating Javascript code from zed_wrapper/start_remote_stream.srv[0m
[ 41%] [34m[1mGenerating Lisp code from zed_wrapper/start_svo_recording.srv[0m
[ 43%] [34m[1mGenerating Lisp code from zed_wrapper/stop_svo_recording.srv[0m
[ 45%] [34m[1mGenerating Lisp code from zed_wrapper/start_remote_stream.srv[0m
[ 49%] [34m[1mGenerating EusLisp code from zed_wrapper/reset_odometry.srv[0m
[ 49%] [34m[1mGenerating Javascript code from zed_wrapper/stop_remote_stream.srv[0m
[ 50%] [34m[1mGenerating Javascript code from zed_wrapper/set_led_status.srv[0m
[ 52%] [34m[1mGenerating Lisp code from zed_wrapper/stop_remote_stream.srv[0m
[ 54%] [34m[1mGenerating EusLisp code from zed_wrapper/reset_tracking.srv[0m
[ 56%] [34m[1mGenerating Javascript code from zed_wrapper/toggle_led.srv[0m
[ 58%] [34m[1mGenerating Lisp code from zed_wrapper/set_led_status.srv[0m
[ 60%] [34m[1mGenerating EusLisp code from zed_wrapper/start_svo_recording.srv[0m
[ 62%] [34m[1mGenerating EusLisp code from zed_wrapper/stop_svo_recording.srv[0m
[ 62%] Built target zed_wrapper_generate_messages_nodejs
[ 64%] [34m[1mGenerating Lisp code from zed_wrapper/toggle_led.srv[0m
[ 66%] [34m[1mGenerating EusLisp code from zed_wrapper/start_remote_stream.srv[0m
[ 66%] Built target zed_wrapper_generate_messages_lisp
[ 67%] [34m[1mGenerating EusLisp code from zed_wrapper/stop_remote_stream.srv[0m
[35m[1mScanning dependencies of target zed_wrapper_generate_messages_cpp[0m
[ 69%] [34m[1mGenerating C++ code from zed_wrapper/set_pose.srv[0m
[ 71%] [34m[1mGenerating C++ code from zed_wrapper/reset_odometry.srv[0m
[ 73%] [34m[1mGenerating C++ code from zed_wrapper/reset_tracking.srv[0m
[ 75%] [34m[1mGenerating EusLisp code from zed_wrapper/set_led_status.srv[0m
[ 77%] [34m[1mGenerating EusLisp code from zed_wrapper/toggle_led.srv[0m
[ 79%] [34m[1mGenerating C++ code from zed_wrapper/start_svo_recording.srv[0m
[ 81%] [34m[1mGenerating C++ code from zed_wrapper/stop_svo_recording.srv[0m
[ 83%] [34m[1mGenerating C++ code from zed_wrapper/start_remote_stream.srv[0m
[ 84%] [34m[1mGenerating EusLisp manifest code for zed_wrapper[0m
[ 86%] [34m[1mGenerating C++ code from zed_wrapper/stop_remote_stream.srv[0m
[ 88%] [34m[1mGenerating C++ code from zed_wrapper/set_led_status.srv[0m
[ 90%] [34m[1mGenerating C++ code from zed_wrapper/toggle_led.srv[0m
[ 90%] Built target zed_wrapper_generate_messages_eus
[ 90%] Built target zed_wrapper_generate_messages_cpp
[35m[1mScanning dependencies of target zed_wrapper_generate_messages[0m
[35m[1mScanning dependencies of target ZEDWrapper[0m
[ 90%] Built target zed_wrapper_generate_messages
[ 92%] [32mBuilding CXX object CMakeFiles/ZEDWrapper.dir/src/nodelet/src/zed_wrapper_nodelet.cpp.o[0m
[ 94%] [32mBuilding CXX object CMakeFiles/ZEDWrapper.dir/src/tools/src/sl_tools.cpp.o[0m
[ 96%] [32m[1mLinking CXX shared library /home/k/Desktop/git_repository/babymind19/catkin_ws/devel/.private/zed_wrapper/lib/libZEDWrapper.so[0m
[ 96%] Built target ZEDWrapper
[35m[1mScanning dependencies of target zed_wrapper_node[0m
[ 98%] [32mBuilding CXX object CMakeFiles/zed_wrapper_node.dir/src/zed_wrapper_node.cpp.o[0m
[100%] [32m[1mLinking CXX executable /home/k/Desktop/git_repository/babymind19/catkin_ws/devel/.private/zed_wrapper/lib/zed_wrapper/zed_wrapper_node[0m
[100%] Built target zed_wrapper_node
