[  0%] Built target _zed_wrapper_generate_messages_check_deps_start_remote_stream
[  0%] Built target _zed_wrapper_generate_messages_check_deps_set_led_status
[  0%] Built target _zed_wrapper_generate_messages_check_deps_stop_remote_stream
[  0%] Built target _zed_wrapper_generate_messages_check_deps_reset_odometry
[  0%] Built target _zed_wrapper_generate_messages_check_deps_toggle_led
[  0%] Built target _zed_wrapper_generate_messages_check_deps_set_pose
[  0%] Built target _zed_wrapper_generate_messages_check_deps_reset_tracking
[  0%] Built target _zed_wrapper_generate_messages_check_deps_start_svo_recording
[  0%] Built target _zed_wrapper_generate_messages_check_deps_stop_svo_recording
[ 16%] Built target zed_wrapper_generate_messages_cpp
[ 18%] Built target zed_wrapper_gencfg
[ 37%] Built target zed_wrapper_generate_messages_py
[ 54%] Built target zed_wrapper_generate_messages_nodejs
[ 71%] Built target zed_wrapper_generate_messages_lisp
[ 90%] Built target zed_wrapper_generate_messages_eus
[ 96%] Built target ZEDWrapper
[100%] Built target zed_wrapper_node
[100%] Built target zed_wrapper_generate_messages
[36mInstall the project...[0m
-- Install configuration: "Release"
-- Installing: /home/k/Desktop/git_repository/babymind19/catkin_ws/install/_setup_util.py
-- Installing: /home/k/Desktop/git_repository/babymind19/catkin_ws/install/env.sh
-- Installing: /home/k/Desktop/git_repository/babymind19/catkin_ws/install/setup.bash
-- Installing: /home/k/Desktop/git_repository/babymind19/catkin_ws/install/local_setup.bash
-- Installing: /home/k/Desktop/git_repository/babymind19/catkin_ws/install/setup.sh
-- Installing: /home/k/Desktop/git_repository/babymind19/catkin_ws/install/local_setup.sh
-- Installing: /home/k/Desktop/git_repository/babymind19/catkin_ws/install/setup.zsh
-- Installing: /home/k/Desktop/git_repository/babymind19/catkin_ws/install/local_setup.zsh
-- Installing: /home/k/Desktop/git_repository/babymind19/catkin_ws/install/.rosinstall
-- Installing: /home/k/Desktop/git_repository/babymind19/catkin_ws/install/share/zed_wrapper/srv/set_pose.srv
-- Installing: /home/k/Desktop/git_repository/babymind19/catkin_ws/install/share/zed_wrapper/srv/reset_odometry.srv
-- Installing: /home/k/Desktop/git_repository/babymind19/catkin_ws/install/share/zed_wrapper/srv/reset_tracking.srv
-- Installing: /home/k/Desktop/git_repository/babymind19/catkin_ws/install/share/zed_wrapper/srv/start_svo_recording.srv
-- Installing: /home/k/Desktop/git_repository/babymind19/catkin_ws/install/share/zed_wrapper/srv/stop_svo_recording.srv
-- Installing: /home/k/Desktop/git_repository/babymind19/catkin_ws/install/share/zed_wrapper/srv/start_remote_stream.srv
-- Installing: /home/k/Desktop/git_repository/babymind19/catkin_ws/install/share/zed_wrapper/srv/stop_remote_stream.srv
-- Installing: /home/k/Desktop/git_repository/babymind19/catkin_ws/install/share/zed_wrapper/srv/set_led_status.srv
-- Installing: /home/k/Desktop/git_repository/babymind19/catkin_ws/install/share/zed_wrapper/srv/toggle_led.srv
-- Installing: /home/k/Desktop/git_repository/babymind19/catkin_ws/install/share/zed_wrapper/cmake/zed_wrapper-msg-paths.cmake
-- Installing: /home/k/Desktop/git_repository/babymind19/catkin_ws/install/include/zed_wrapper
-- Installing: /home/k/Desktop/git_repository/babymind19/catkin_ws/install/include/zed_wrapper/set_pose.h
-- Installing: /home/k/Desktop/git_repository/babymind19/catkin_ws/install/include/zed_wrapper/reset_odometry.h
-- Installing: /home/k/Desktop/git_repository/babymind19/catkin_ws/install/include/zed_wrapper/toggle_led.h
-- Installing: /home/k/Desktop/git_repository/babymind19/catkin_ws/install/include/zed_wrapper/reset_odometryResponse.h
-- Installing: /home/k/Desktop/git_repository/babymind19/catkin_ws/install/include/zed_wrapper/start_svo_recording.h
-- Installing: /home/k/Desktop/git_repository/babymind19/catkin_ws/install/include/zed_wrapper/start_svo_recordingRequest.h
-- Installing: /home/k/Desktop/git_repository/babymind19/catkin_ws/install/include/zed_wrapper/toggle_ledRequest.h
-- Installing: /home/k/Desktop/git_repository/babymind19/catkin_ws/install/include/zed_wrapper/stop_remote_streamRequest.h
-- Installing: /home/k/Desktop/git_repository/babymind19/catkin_ws/install/include/zed_wrapper/start_remote_streamRequest.h
-- Installing: /home/k/Desktop/git_repository/babymind19/catkin_ws/install/include/zed_wrapper/set_led_statusRequest.h
-- Installing: /home/k/Desktop/git_repository/babymind19/catkin_ws/install/include/zed_wrapper/ZedConfig.h
-- Installing: /home/k/Desktop/git_repository/babymind19/catkin_ws/install/include/zed_wrapper/set_poseRequest.h
-- Installing: /home/k/Desktop/git_repository/babymind19/catkin_ws/install/include/zed_wrapper/set_led_statusResponse.h
-- Installing: /home/k/Desktop/git_repository/babymind19/catkin_ws/install/include/zed_wrapper/set_led_status.h
-- Installing: /home/k/Desktop/git_repository/babymind19/catkin_ws/install/include/zed_wrapper/reset_trackingResponse.h
-- Installing: /home/k/Desktop/git_repository/babymind19/catkin_ws/install/include/zed_wrapper/reset_odometryRequest.h
-- Installing: /home/k/Desktop/git_repository/babymind19/catkin_ws/install/include/zed_wrapper/stop_svo_recording.h
-- Installing: /home/k/Desktop/git_repository/babymind19/catkin_ws/install/include/zed_wrapper/start_remote_streamResponse.h
-- Installing: /home/k/Desktop/git_repository/babymind19/catkin_ws/install/include/zed_wrapper/toggle_ledResponse.h
-- Installing: /home/k/Desktop/git_repository/babymind19/catkin_ws/install/include/zed_wrapper/start_remote_stream.h
-- Installing: /home/k/Desktop/git_repository/babymind19/catkin_ws/install/include/zed_wrapper/stop_svo_recordingResponse.h
-- Installing: /home/k/Desktop/git_repository/babymind19/catkin_ws/install/include/zed_wrapper/reset_tracking.h
-- Installing: /home/k/Desktop/git_repository/babymind19/catkin_ws/install/include/zed_wrapper/stop_remote_stream.h
-- Installing: /home/k/Desktop/git_repository/babymind19/catkin_ws/install/include/zed_wrapper/set_poseResponse.h
-- Installing: /home/k/Desktop/git_repository/babymind19/catkin_ws/install/include/zed_wrapper/stop_remote_streamResponse.h
-- Installing: /home/k/Desktop/git_repository/babymind19/catkin_ws/install/include/zed_wrapper/start_svo_recordingResponse.h
-- Installing: /home/k/Desktop/git_repository/babymind19/catkin_ws/install/include/zed_wrapper/reset_trackingRequest.h
-- Installing: /home/k/Desktop/git_repository/babymind19/catkin_ws/install/include/zed_wrapper/stop_svo_recordingRequest.h
-- Installing: /home/k/Desktop/git_repository/babymind19/catkin_ws/install/share/roseus/ros/zed_wrapper
-- Installing: /home/k/Desktop/git_repository/babymind19/catkin_ws/install/share/roseus/ros/zed_wrapper/srv
-- Installing: /home/k/Desktop/git_repository/babymind19/catkin_ws/install/share/roseus/ros/zed_wrapper/srv/stop_remote_stream.l
-- Installing: /home/k/Desktop/git_repository/babymind19/catkin_ws/install/share/roseus/ros/zed_wrapper/srv/start_svo_recording.l
-- Installing: /home/k/Desktop/git_repository/babymind19/catkin_ws/install/share/roseus/ros/zed_wrapper/srv/reset_tracking.l
-- Installing: /home/k/Desktop/git_repository/babymind19/catkin_ws/install/share/roseus/ros/zed_wrapper/srv/reset_odometry.l
-- Installing: /home/k/Desktop/git_repository/babymind19/catkin_ws/install/share/roseus/ros/zed_wrapper/srv/stop_svo_recording.l
-- Installing: /home/k/Desktop/git_repository/babymind19/catkin_ws/install/share/roseus/ros/zed_wrapper/srv/set_led_status.l
-- Installing: /home/k/Desktop/git_repository/babymind19/catkin_ws/install/share/roseus/ros/zed_wrapper/srv/toggle_led.l
-- Installing: /home/k/Desktop/git_repository/babymind19/catkin_ws/install/share/roseus/ros/zed_wrapper/srv/start_remote_stream.l
-- Installing: /home/k/Desktop/git_repository/babymind19/catkin_ws/install/share/roseus/ros/zed_wrapper/srv/set_pose.l
-- Installing: /home/k/Desktop/git_repository/babymind19/catkin_ws/install/share/roseus/ros/zed_wrapper/manifest.l
-- Installing: /home/k/Desktop/git_repository/babymind19/catkin_ws/install/share/common-lisp/ros/zed_wrapper
-- Installing: /home/k/Desktop/git_repository/babymind19/catkin_ws/install/share/common-lisp/ros/zed_wrapper/srv
-- Installing: /home/k/Desktop/git_repository/babymind19/catkin_ws/install/share/common-lisp/ros/zed_wrapper/srv/_package_set_led_status.lisp
-- Installing: /home/k/Desktop/git_repository/babymind19/catkin_ws/install/share/common-lisp/ros/zed_wrapper/srv/zed_wrapper-srv.asd
-- Installing: /home/k/Desktop/git_repository/babymind19/catkin_ws/install/share/common-lisp/ros/zed_wrapper/srv/reset_tracking.lisp
-- Installing: /home/k/Desktop/git_repository/babymind19/catkin_ws/install/share/common-lisp/ros/zed_wrapper/srv/_package_reset_tracking.lisp
-- Installing: /home/k/Desktop/git_repository/babymind19/catkin_ws/install/share/common-lisp/ros/zed_wrapper/srv/stop_svo_recording.lisp
-- Installing: /home/k/Desktop/git_repository/babymind19/catkin_ws/install/share/common-lisp/ros/zed_wrapper/srv/stop_remote_stream.lisp
-- Installing: /home/k/Desktop/git_repository/babymind19/catkin_ws/install/share/common-lisp/ros/zed_wrapper/srv/_package_stop_remote_stream.lisp
-- Installing: /home/k/Desktop/git_repository/babymind19/catkin_ws/install/share/common-lisp/ros/zed_wrapper/srv/set_led_status.lisp
-- Installing: /home/k/Desktop/git_repository/babymind19/catkin_ws/install/share/common-lisp/ros/zed_wrapper/srv/_package_toggle_led.lisp
-- Installing: /home/k/Desktop/git_repository/babymind19/catkin_ws/install/share/common-lisp/ros/zed_wrapper/srv/start_svo_recording.lisp
-- Installing: /home/k/Desktop/git_repository/babymind19/catkin_ws/install/share/common-lisp/ros/zed_wrapper/srv/_package_reset_odometry.lisp
-- Installing: /home/k/Desktop/git_repository/babymind19/catkin_ws/install/share/common-lisp/ros/zed_wrapper/srv/reset_odometry.lisp
-- Installing: /home/k/Desktop/git_repository/babymind19/catkin_ws/install/share/common-lisp/ros/zed_wrapper/srv/_package.lisp
-- Installing: /home/k/Desktop/git_repository/babymind19/catkin_ws/install/share/common-lisp/ros/zed_wrapper/srv/_package_set_pose.lisp
-- Installing: /home/k/Desktop/git_repository/babymind19/catkin_ws/install/share/common-lisp/ros/zed_wrapper/srv/_package_start_svo_recording.lisp
-- Installing: /home/k/Desktop/git_repository/babymind19/catkin_ws/install/share/common-lisp/ros/zed_wrapper/srv/_package_start_remote_stream.lisp
-- Installing: /home/k/Desktop/git_repository/babymind19/catkin_ws/install/share/common-lisp/ros/zed_wrapper/srv/set_pose.lisp
-- Installing: /home/k/Desktop/git_repository/babymind19/catkin_ws/install/share/common-lisp/ros/zed_wrapper/srv/start_remote_stream.lisp
-- Installing: /home/k/Desktop/git_repository/babymind19/catkin_ws/install/share/common-lisp/ros/zed_wrapper/srv/_package_stop_svo_recording.lisp
-- Installing: /home/k/Desktop/git_repository/babymind19/catkin_ws/install/share/common-lisp/ros/zed_wrapper/srv/toggle_led.lisp
-- Installing: /home/k/Desktop/git_repository/babymind19/catkin_ws/install/share/gennodejs/ros/zed_wrapper
-- Installing: /home/k/Desktop/git_repository/babymind19/catkin_ws/install/share/gennodejs/ros/zed_wrapper/srv
-- Installing: /home/k/Desktop/git_repository/babymind19/catkin_ws/install/share/gennodejs/ros/zed_wrapper/srv/_index.js
-- Installing: /home/k/Desktop/git_repository/babymind19/catkin_ws/install/share/gennodejs/ros/zed_wrapper/srv/stop_svo_recording.js
-- Installing: /home/k/Desktop/git_repository/babymind19/catkin_ws/install/share/gennodejs/ros/zed_wrapper/srv/start_remote_stream.js
-- Installing: /home/k/Desktop/git_repository/babymind19/catkin_ws/install/share/gennodejs/ros/zed_wrapper/srv/set_pose.js
-- Installing: /home/k/Desktop/git_repository/babymind19/catkin_ws/install/share/gennodejs/ros/zed_wrapper/srv/set_led_status.js
-- Installing: /home/k/Desktop/git_repository/babymind19/catkin_ws/install/share/gennodejs/ros/zed_wrapper/srv/toggle_led.js
-- Installing: /home/k/Desktop/git_repository/babymind19/catkin_ws/install/share/gennodejs/ros/zed_wrapper/srv/start_svo_recording.js
-- Installing: /home/k/Desktop/git_repository/babymind19/catkin_ws/install/share/gennodejs/ros/zed_wrapper/srv/reset_odometry.js
-- Installing: /home/k/Desktop/git_repository/babymind19/catkin_ws/install/share/gennodejs/ros/zed_wrapper/srv/stop_remote_stream.js
-- Installing: /home/k/Desktop/git_repository/babymind19/catkin_ws/install/share/gennodejs/ros/zed_wrapper/srv/reset_tracking.js
-- Installing: /home/k/Desktop/git_repository/babymind19/catkin_ws/install/share/gennodejs/ros/zed_wrapper/_index.js
Listing '/home/k/Desktop/git_repository/babymind19/catkin_ws/devel/.private/zed_wrapper/lib/python3/dist-packages/zed_wrapper'...
Compiling '/home/k/Desktop/git_repository/babymind19/catkin_ws/devel/.private/zed_wrapper/lib/python3/dist-packages/zed_wrapper/__init__.py'...
Listing '/home/k/Desktop/git_repository/babymind19/catkin_ws/devel/.private/zed_wrapper/lib/python3/dist-packages/zed_wrapper/cfg'...
Compiling '/home/k/Desktop/git_repository/babymind19/catkin_ws/devel/.private/zed_wrapper/lib/python3/dist-packages/zed_wrapper/cfg/ZedConfig.py'...
Compiling '/home/k/Desktop/git_repository/babymind19/catkin_ws/devel/.private/zed_wrapper/lib/python3/dist-packages/zed_wrapper/cfg/__init__.py'...
Listing '/home/k/Desktop/git_repository/babymind19/catkin_ws/devel/.private/zed_wrapper/lib/python3/dist-packages/zed_wrapper/srv'...
Compiling '/home/k/Desktop/git_repository/babymind19/catkin_ws/devel/.private/zed_wrapper/lib/python3/dist-packages/zed_wrapper/srv/__init__.py'...
Compiling '/home/k/Desktop/git_repository/babymind19/catkin_ws/devel/.private/zed_wrapper/lib/python3/dist-packages/zed_wrapper/srv/_reset_odometry.py'...
Compiling '/home/k/Desktop/git_repository/babymind19/catkin_ws/devel/.private/zed_wrapper/lib/python3/dist-packages/zed_wrapper/srv/_reset_tracking.py'...
Compiling '/home/k/Desktop/git_repository/babymind19/catkin_ws/devel/.private/zed_wrapper/lib/python3/dist-packages/zed_wrapper/srv/_set_led_status.py'...
Compiling '/home/k/Desktop/git_repository/babymind19/catkin_ws/devel/.private/zed_wrapper/lib/python3/dist-packages/zed_wrapper/srv/_set_pose.py'...
Compiling '/home/k/Desktop/git_repository/babymind19/catkin_ws/devel/.private/zed_wrapper/lib/python3/dist-packages/zed_wrapper/srv/_start_remote_stream.py'...
Compiling '/home/k/Desktop/git_repository/babymind19/catkin_ws/devel/.private/zed_wrapper/lib/python3/dist-packages/zed_wrapper/srv/_start_svo_recording.py'...
Compiling '/home/k/Desktop/git_repository/babymind19/catkin_ws/devel/.private/zed_wrapper/lib/python3/dist-packages/zed_wrapper/srv/_stop_remote_stream.py'...
Compiling '/home/k/Desktop/git_repository/babymind19/catkin_ws/devel/.private/zed_wrapper/lib/python3/dist-packages/zed_wrapper/srv/_stop_svo_recording.py'...
Compiling '/home/k/Desktop/git_repository/babymind19/catkin_ws/devel/.private/zed_wrapper/lib/python3/dist-packages/zed_wrapper/srv/_toggle_led.py'...
-- Installing: /home/k/Desktop/git_repository/babymind19/catkin_ws/install/lib/python3/dist-packages/zed_wrapper
-- Installing: /home/k/Desktop/git_repository/babymind19/catkin_ws/install/lib/python3/dist-packages/zed_wrapper/srv
-- Installing: /home/k/Desktop/git_repository/babymind19/catkin_ws/install/lib/python3/dist-packages/zed_wrapper/srv/_set_pose.py
-- Installing: /home/k/Desktop/git_repository/babymind19/catkin_ws/install/lib/python3/dist-packages/zed_wrapper/srv/_reset_tracking.py
-- Installing: /home/k/Desktop/git_repository/babymind19/catkin_ws/install/lib/python3/dist-packages/zed_wrapper/srv/_start_remote_stream.py
-- Installing: /home/k/Desktop/git_repository/babymind19/catkin_ws/install/lib/python3/dist-packages/zed_wrapper/srv/_stop_svo_recording.py
-- Installing: /home/k/Desktop/git_repository/babymind19/catkin_ws/install/lib/python3/dist-packages/zed_wrapper/srv/_toggle_led.py
-- Installing: /home/k/Desktop/git_repository/babymind19/catkin_ws/install/lib/python3/dist-packages/zed_wrapper/srv/_reset_odometry.py
-- Installing: /home/k/Desktop/git_repository/babymind19/catkin_ws/install/lib/python3/dist-packages/zed_wrapper/srv/__init__.py
-- Installing: /home/k/Desktop/git_repository/babymind19/catkin_ws/install/lib/python3/dist-packages/zed_wrapper/srv/__pycache__
-- Installing: /home/k/Desktop/git_repository/babymind19/catkin_ws/install/lib/python3/dist-packages/zed_wrapper/srv/__pycache__/_reset_odometry.cpython-36.pyc
-- Installing: /home/k/Desktop/git_repository/babymind19/catkin_ws/install/lib/python3/dist-packages/zed_wrapper/srv/__pycache__/_toggle_led.cpython-36.pyc
-- Installing: /home/k/Desktop/git_repository/babymind19/catkin_ws/install/lib/python3/dist-packages/zed_wrapper/srv/__pycache__/__init__.cpython-36.pyc
-- Installing: /home/k/Desktop/git_repository/babymind19/catkin_ws/install/lib/python3/dist-packages/zed_wrapper/srv/__pycache__/_start_remote_stream.cpython-36.pyc
-- Installing: /home/k/Desktop/git_repository/babymind19/catkin_ws/install/lib/python3/dist-packages/zed_wrapper/srv/__pycache__/_set_pose.cpython-36.pyc
-- Installing: /home/k/Desktop/git_repository/babymind19/catkin_ws/install/lib/python3/dist-packages/zed_wrapper/srv/__pycache__/_reset_tracking.cpython-36.pyc
-- Installing: /home/k/Desktop/git_repository/babymind19/catkin_ws/install/lib/python3/dist-packages/zed_wrapper/srv/__pycache__/_start_svo_recording.cpython-36.pyc
-- Installing: /home/k/Desktop/git_repository/babymind19/catkin_ws/install/lib/python3/dist-packages/zed_wrapper/srv/__pycache__/_stop_svo_recording.cpython-36.pyc
-- Installing: /home/k/Desktop/git_repository/babymind19/catkin_ws/install/lib/python3/dist-packages/zed_wrapper/srv/__pycache__/_set_led_status.cpython-36.pyc
-- Installing: /home/k/Desktop/git_repository/babymind19/catkin_ws/install/lib/python3/dist-packages/zed_wrapper/srv/__pycache__/_stop_remote_stream.cpython-36.pyc
-- Installing: /home/k/Desktop/git_repository/babymind19/catkin_ws/install/lib/python3/dist-packages/zed_wrapper/srv/_set_led_status.py
-- Installing: /home/k/Desktop/git_repository/babymind19/catkin_ws/install/lib/python3/dist-packages/zed_wrapper/srv/_stop_remote_stream.py
-- Installing: /home/k/Desktop/git_repository/babymind19/catkin_ws/install/lib/python3/dist-packages/zed_wrapper/srv/_start_svo_recording.py
-- Installing: /home/k/Desktop/git_repository/babymind19/catkin_ws/install/lib/python3/dist-packages/zed_wrapper/cfg
-- Installing: /home/k/Desktop/git_repository/babymind19/catkin_ws/install/lib/python3/dist-packages/zed_wrapper/cfg/ZedConfig.py
-- Installing: /home/k/Desktop/git_repository/babymind19/catkin_ws/install/lib/python3/dist-packages/zed_wrapper/cfg/__init__.py
-- Installing: /home/k/Desktop/git_repository/babymind19/catkin_ws/install/lib/python3/dist-packages/zed_wrapper/cfg/__pycache__
-- Installing: /home/k/Desktop/git_repository/babymind19/catkin_ws/install/lib/python3/dist-packages/zed_wrapper/cfg/__pycache__/__init__.cpython-36.pyc
-- Installing: /home/k/Desktop/git_repository/babymind19/catkin_ws/install/lib/python3/dist-packages/zed_wrapper/cfg/__pycache__/ZedConfig.cpython-36.pyc
-- Installing: /home/k/Desktop/git_repository/babymind19/catkin_ws/install/lib/python3/dist-packages/zed_wrapper/__init__.py
-- Installing: /home/k/Desktop/git_repository/babymind19/catkin_ws/install/lib/python3/dist-packages/zed_wrapper/__pycache__
-- Installing: /home/k/Desktop/git_repository/babymind19/catkin_ws/install/lib/python3/dist-packages/zed_wrapper/__pycache__/__init__.cpython-36.pyc
-- Up-to-date: /home/k/Desktop/git_repository/babymind19/catkin_ws/install/include/zed_wrapper/ZedConfig.h
-- Up-to-date: /home/k/Desktop/git_repository/babymind19/catkin_ws/install/lib/python3/dist-packages/zed_wrapper/__init__.py
Listing '/home/k/Desktop/git_repository/babymind19/catkin_ws/devel/.private/zed_wrapper/lib/python3/dist-packages/zed_wrapper/cfg'...
-- Up-to-date: /home/k/Desktop/git_repository/babymind19/catkin_ws/install/lib/python3/dist-packages/zed_wrapper/cfg
-- Up-to-date: /home/k/Desktop/git_repository/babymind19/catkin_ws/install/lib/python3/dist-packages/zed_wrapper/cfg/ZedConfig.py
-- Up-to-date: /home/k/Desktop/git_repository/babymind19/catkin_ws/install/lib/python3/dist-packages/zed_wrapper/cfg/__init__.py
-- Up-to-date: /home/k/Desktop/git_repository/babymind19/catkin_ws/install/lib/python3/dist-packages/zed_wrapper/cfg/__pycache__
-- Up-to-date: /home/k/Desktop/git_repository/babymind19/catkin_ws/install/lib/python3/dist-packages/zed_wrapper/cfg/__pycache__/__init__.cpython-36.pyc
-- Up-to-date: /home/k/Desktop/git_repository/babymind19/catkin_ws/install/lib/python3/dist-packages/zed_wrapper/cfg/__pycache__/ZedConfig.cpython-36.pyc
-- Installing: /home/k/Desktop/git_repository/babymind19/catkin_ws/install/lib/pkgconfig/zed_wrapper.pc
-- Installing: /home/k/Desktop/git_repository/babymind19/catkin_ws/install/share/zed_wrapper/cmake/zed_wrapper-msg-extras.cmake
-- Installing: /home/k/Desktop/git_repository/babymind19/catkin_ws/install/share/zed_wrapper/cmake/zed_wrapperConfig.cmake
-- Installing: /home/k/Desktop/git_repository/babymind19/catkin_ws/install/share/zed_wrapper/cmake/zed_wrapperConfig-version.cmake
-- Installing: /home/k/Desktop/git_repository/babymind19/catkin_ws/install/share/zed_wrapper/package.xml
-- Installing: /home/k/Desktop/git_repository/babymind19/catkin_ws/install/lib/libZEDWrapper.so
-- Set runtime path of "/home/k/Desktop/git_repository/babymind19/catkin_ws/install/lib/libZEDWrapper.so" to ""
-- Installing: /home/k/Desktop/git_repository/babymind19/catkin_ws/install/lib/zed_wrapper/zed_wrapper_node
-- Set runtime path of "/home/k/Desktop/git_repository/babymind19/catkin_ws/install/lib/zed_wrapper/zed_wrapper_node" to ""
-- Installing: /home/k/Desktop/git_repository/babymind19/catkin_ws/install/share/zed_wrapper/nodelet_plugins.xml
-- Installing: /home/k/Desktop/git_repository/babymind19/catkin_ws/install/share/zed_wrapper/launch
-- Installing: /home/k/Desktop/git_repository/babymind19/catkin_ws/install/share/zed_wrapper/launch/zed_multi_gpu.launch
-- Installing: /home/k/Desktop/git_repository/babymind19/catkin_ws/install/share/zed_wrapper/launch/README.md
-- Installing: /home/k/Desktop/git_repository/babymind19/catkin_ws/install/share/zed_wrapper/launch/zed_no_tf.launch
-- Installing: /home/k/Desktop/git_repository/babymind19/catkin_ws/install/share/zed_wrapper/launch/zed.launch
-- Installing: /home/k/Desktop/git_repository/babymind19/catkin_ws/install/share/zed_wrapper/launch/zed_camera_nodelet.launch
-- Installing: /home/k/Desktop/git_repository/babymind19/catkin_ws/install/share/zed_wrapper/launch/zed_camera.launch
-- Installing: /home/k/Desktop/git_repository/babymind19/catkin_ws/install/share/zed_wrapper/launch/zed_multi_cam.launch
-- Installing: /home/k/Desktop/git_repository/babymind19/catkin_ws/install/share/zed_wrapper/launch/zedm.launch
-- Installing: /home/k/Desktop/git_repository/babymind19/catkin_ws/install/share/zed_wrapper/urdf
-- Installing: /home/k/Desktop/git_repository/babymind19/catkin_ws/install/share/zed_wrapper/urdf/zed.urdf
-- Installing: /home/k/Desktop/git_repository/babymind19/catkin_ws/install/share/zed_wrapper/urdf/zedm.urdf
-- Installing: /home/k/Desktop/git_repository/babymind19/catkin_ws/install/share/zed_wrapper/urdf/models
-- Installing: /home/k/Desktop/git_repository/babymind19/catkin_ws/install/share/zed_wrapper/urdf/models/ZED.stl
-- Installing: /home/k/Desktop/git_repository/babymind19/catkin_ws/install/share/zed_wrapper/urdf/models/ZEDM.stl
-- Installing: /home/k/Desktop/git_repository/babymind19/catkin_ws/install/share/zed_wrapper/params
-- Installing: /home/k/Desktop/git_repository/babymind19/catkin_ws/install/share/zed_wrapper/params/common.yaml
-- Installing: /home/k/Desktop/git_repository/babymind19/catkin_ws/install/share/zed_wrapper/params/zedm.yaml
-- Installing: /home/k/Desktop/git_repository/babymind19/catkin_ws/install/share/zed_wrapper/params/zed.yaml
